<?xml version="1.0" encoding="UTF-8"?>
<!-- Generated by org.testng.reporters.JUnitReportReporter -->
<testsuite hostname="DESKTOP-0NHKIKH" failures="0" tests="10" name="test.LoginTests" time="13.684" errors="0" timestamp="2021-07-31T18:46:04 COT" skipped="0">
  <testcase classname="test.LoginTests" name="loginUserValidAndPassInvalid" time="0.680"/>
  <system-out/>
  <testcase classname="test.LoginTests" name="loginUserValidAndPassValid" time="1.037"/>
  <system-out/>
  <testcase classname="test.LoginTests" name="fillTheBlanks" time="2.387"/>
  <system-out/>
  <testcase classname="test.LoginTests" name="loginUserInvalidAndPassValid" time="0.808"/>
  <system-out/>
  <testcase classname="test.LoginTests" name="searchNewFlight" time="1.661"/>
  <system-out/>
  <testcase classname="test.LoginTests" name="fillTheBlanks" time="2.965"/>
  <system-out/>
  <testcase classname="test.LoginTests" name="loginUserValidAndPassInvalid" time="0.690"/>
  <system-out/>
  <testcase classname="test.LoginTests" name="loginUserInvalidAndPassValid" time="0.766"/>
  <system-out/>
  <testcase classname="test.LoginTests" name="loginUserValidAndPassValid" time="0.899"/>
  <system-out/>
  <testcase classname="test.LoginTests" name="searchNewFlight" time="1.791"/>
  <system-out/>
</testsuite> <!-- test.LoginTests -->
