<?xml version="1.0" encoding="UTF-8"?>
<!-- Generated by org.testng.reporters.JUnitReportReporter -->
<testsuite hostname="DESKTOP-0NHKIKH" failures="0" tests="1" name="test.ExtentTestNGReportBuilder" time="1.473" errors="0" timestamp="2021-07-30T22:30:39 COT" skipped="0">
  <testcase classname="test.ExtentTestNGReportBuilder" name="test1_example" time="1.473"/>
  <system-out/>
</testsuite> <!-- test.ExtentTestNGReportBuilder -->
