<?xml version="1.0" encoding="UTF-8"?>
<!-- Generated by org.testng.reporters.JUnitReportReporter -->
<testsuite hostname="DESKTOP-0NHKIKH" failures="0" tests="2" name="test.Test1_Example" time="2.733" errors="0" timestamp="2021-07-31T14:37:07 COT" skipped="0">
  <testcase classname="test.Test1_Example" name="enterLogin" time="1.471"/>
  <system-out/>
  <testcase classname="test.Test1_Example" name="enterLogin" time="1.262"/>
  <system-out/>
</testsuite> <!-- test.Test1_Example -->
